[2024-04-11 15:28:24.362] [info] Using configuration file /home/bcherukuri/.config/waybar/waybar.conf
[2024-04-11 15:28:24.364] [info] Unable to receive desktop appearance: GDBus.Error:org.freedesktop.DBus.Error.UnknownMethod: No such interface “org.freedesktop.portal.Settings” on object at path /org/freedesktop/portal/desktop
[2024-04-11 15:28:24.364] [info] Using CSS file /home/bcherukuri/.config/waybar/style.css
[2024-04-11 15:28:24.371] [info] Hyprland IPC starting
[2024-04-11 15:28:24.374] [info] Loading persistent workspaces from Hyprland workspace rules
sh: line 1: /home/bcherukuri/.local/bin/packagecount: No such file or directory
sh: line 1: swaync-client: command not found
[2024-04-11 15:28:24.386] [error] notification stopped unexpectedly, is it endless?
[2024-04-11 15:28:24.552] [info] Bar configured (width: 1920, height: 24) for output: eDP-1
sh: line 1: /home/bcherukuri/.local/bin/packagecount: No such file or directory
sh: line 1: /home/bcherukuri/.local/bin/packagecount: No such file or directory
[2024-04-11 15:30:16.699] [info] Quitting.
[2024-04-11 15:30:21.057] [info] Using configuration file /home/bcherukuri/.config/waybar/waybar.conf
[2024-04-11 15:30:21.059] [info] Unable to receive desktop appearance: GDBus.Error:org.freedesktop.DBus.Error.UnknownMethod: No such interface “org.freedesktop.portal.Settings” on object at path /org/freedesktop/portal/desktop
[2024-04-11 15:30:21.059] [info] Using CSS file /home/bcherukuri/.config/waybar/style.css
[2024-04-11 15:30:21.065] [info] Hyprland IPC starting
[2024-04-11 15:30:21.067] [info] Loading persistent workspaces from Hyprland workspace rules
sh: line 1: /home/bcherukuri/.local/bin/packagecount: No such file or directory
sh: line 1: swaync-client: command not found
[2024-04-11 15:30:21.077] [error] notification stopped unexpectedly, is it endless?
[2024-04-11 15:30:21.246] [info] Bar configured (width: 1920, height: 24) for output: eDP-1
[2024-04-11 15:30:50.251] [info] Quitting.
[2024-04-11 15:30:57.763] [info] Using configuration file /home/bcherukuri/.config/waybar/waybar.conf
[2024-04-11 15:30:57.765] [info] Unable to receive desktop appearance: GDBus.Error:org.freedesktop.DBus.Error.UnknownMethod: No such interface “org.freedesktop.portal.Settings” on object at path /org/freedesktop/portal/desktop
[2024-04-11 15:30:57.765] [info] Using CSS file /home/bcherukuri/.config/waybar/style.css
[2024-04-11 15:30:57.770] [info] Hyprland IPC starting
[2024-04-11 15:30:57.772] [info] Loading persistent workspaces from Hyprland workspace rules
sh: line 1: /home/bcherukuri/.local/bin/packagecount: No such file or directory
sh: line 1: swaync-client: command not found
[2024-04-11 15:30:57.782] [error] notification stopped unexpectedly, is it endless?
[2024-04-11 15:30:57.956] [info] Bar configured (width: 1920, height: 24) for output: eDP-1
sh: line 1: /home/bcherukuri/.local/bin/packagecount: No such file or directory
sh: line 1: /home/bcherukuri/.local/bin/packagecount: No such file or directory
[2024-04-11 15:32:34.578] [info] Quitting.
[2024-04-11 15:32:41.327] [info] Using configuration file /home/bcherukuri/.config/waybar/waybar.conf
[2024-04-11 15:32:41.331] [info] Unable to receive desktop appearance: GDBus.Error:org.freedesktop.DBus.Error.UnknownMethod: No such interface “org.freedesktop.portal.Settings” on object at path /org/freedesktop/portal/desktop
[2024-04-11 15:32:41.331] [info] Using CSS file /home/bcherukuri/.config/waybar/style.css
[2024-04-11 15:32:41.344] [info] Hyprland IPC starting
[2024-04-11 15:32:41.350] [info] Loading persistent workspaces from Hyprland workspace rules
sh: line 1: /home/bcherukuri/.local/bin/packagecount: No such file or directory
sh: line 1: swaync-client: command not found
[2024-04-11 15:32:41.371] [error] notification stopped unexpectedly, is it endless?
[2024-04-11 15:32:41.562] [info] Bar configured (width: 1920, height: 24) for output: eDP-1
sh: line 1: /home/bcherukuri/.local/bin/packagecount: No such file or directory
[2024-04-11 15:33:48.011] [info] Quitting.
